Build started 2/2/2014 1:10:28 PM.
     1>Project "C:\Users\Renee\Documents\OldComputerFiles\Renee\Documents\SchoolStuff\CIS170\week4\Lab4\Lab4\Lab4.vcxproj" on node 2 (build target(s)).
     1>InitializeBuildStatus:
         Creating "Debug\Lab4.unsuccessfulbuild" because "AlwaysCreate" was specified.
       ClCompile:
         c:\Program Files (x86)\Microsoft Visual Studio 10.0\VC\bin\CL.exe /c /ZI /nologo /W3 /WX- /Od /Oy- /D WIN32 /D _DEBUG /D _CONSOLE /D _UNICODE /D UNICODE /Gm /EHsc /RTC1 /MDd /GS /fp:precise /Zc:wchar_t /Zc:forScope /Fo"Debug\\" /Fd"Debug\vc100.pdb" /Gd /TP /analyze- /errorReport:prompt main.cpp
         main.cpp
       ManifestResourceCompile:
         All outputs are up-to-date.
       Link:
         c:\Program Files (x86)\Microsoft Visual Studio 10.0\VC\bin\link.exe /ERRORREPORT:PROMPT /OUT:"C:\Users\Renee\Documents\OldComputerFiles\Renee\Documents\SchoolStuff\CIS170\week4\Lab4\Debug\Lab4.exe" /INCREMENTAL /NOLOGO kernel32.lib user32.lib gdi32.lib winspool.lib comdlg32.lib advapi32.lib shell32.lib ole32.lib oleaut32.lib uuid.lib odbc32.lib odbccp32.lib /MANIFEST /ManifestFile:"Debug\Lab4.exe.intermediate.manifest" /MANIFESTUAC:"level='asInvoker' uiAccess='false'" /DEBUG /PDB:"C:\Users\Renee\Documents\OldComputerFiles\Renee\Documents\SchoolStuff\CIS170\week4\Lab4\Debug\Lab4.pdb" /SUBSYSTEM:CONSOLE /TLBID:1 /DYNAMICBASE /NXCOMPAT /IMPLIB:"C:\Users\Renee\Documents\OldComputerFiles\Renee\Documents\SchoolStuff\CIS170\week4\Lab4\Debug\Lab4.lib" /MACHINE:X86 Debug\Lab4.exe.embed.manifest.res
         Debug\main.obj
       Manifest:
         C:\Program Files (x86)\Microsoft SDKs\Windows\v7.0A\bin\mt.exe /nologo /verbose /out:"Debug\Lab4.exe.embed.manifest" /manifest Debug\Lab4.exe.intermediate.manifest
         All outputs are up-to-date.
       LinkEmbedManifest:
         All outputs are up-to-date.
         Lab4.vcxproj -> C:\Users\Renee\Documents\OldComputerFiles\Renee\Documents\SchoolStuff\CIS170\week4\Lab4\Debug\Lab4.exe
       FinalizeBuildStatus:
         Deleting file "Debug\Lab4.unsuccessfulbuild".
         Touching "Debug\Lab4.lastbuildstate".
     1>Done Building Project "C:\Users\Renee\Documents\OldComputerFiles\Renee\Documents\SchoolStuff\CIS170\week4\Lab4\Lab4\Lab4.vcxproj" (build target(s)).

Build succeeded.

Time Elapsed 00:00:03.64
