C:\USERS\RENEE\DOCUMENTS\OLDCOMPUTERFILES\RENEE\DOCUMENTS\SCHOOLSTUFF\CIS170_INTROTOC++\WEEK7\LAB7\DEBUG\LAB7.EXE
C:\USERS\RENEE\DOCUMENTS\OLDCOMPUTERFILES\RENEE\DOCUMENTS\SCHOOLSTUFF\CIS170_INTROTOC++\WEEK7\LAB7\DEBUG\LAB7.ILK
C:\USERS\RENEE\DOCUMENTS\OLDCOMPUTERFILES\RENEE\DOCUMENTS\SCHOOLSTUFF\CIS170_INTROTOC++\WEEK7\LAB7\DEBUG\LAB7.PDB
C:\Users\Renee\Documents\OldComputerFiles\Renee\Documents\SchoolStuff\CIS170_IntroToC++\week7\Lab7\Lab7\Debug\cl.command.1.tlog
C:\Users\Renee\Documents\OldComputerFiles\Renee\Documents\SchoolStuff\CIS170_IntroToC++\week7\Lab7\Lab7\Debug\CL.read.1.tlog
C:\Users\Renee\Documents\OldComputerFiles\Renee\Documents\SchoolStuff\CIS170_IntroToC++\week7\Lab7\Lab7\Debug\CL.write.1.tlog
C:\USERS\RENEE\DOCUMENTS\OLDCOMPUTERFILES\RENEE\DOCUMENTS\SCHOOLSTUFF\CIS170_INTROTOC++\WEEK7\LAB7\LAB7\DEBUG\LAB7.EXE.EMBED.MANIFEST
C:\USERS\RENEE\DOCUMENTS\OLDCOMPUTERFILES\RENEE\DOCUMENTS\SCHOOLSTUFF\CIS170_INTROTOC++\WEEK7\LAB7\LAB7\DEBUG\LAB7.EXE.EMBED.MANIFEST.RES
C:\USERS\RENEE\DOCUMENTS\OLDCOMPUTERFILES\RENEE\DOCUMENTS\SCHOOLSTUFF\CIS170_INTROTOC++\WEEK7\LAB7\LAB7\DEBUG\LAB7.EXE.INTERMEDIATE.MANIFEST
C:\Users\Renee\Documents\OldComputerFiles\Renee\Documents\SchoolStuff\CIS170_IntroToC++\week7\Lab7\Lab7\Debug\Lab7.vcxprojResolveAssemblyReference.cache
C:\Users\Renee\Documents\OldComputerFiles\Renee\Documents\SchoolStuff\CIS170_IntroToC++\week7\Lab7\Lab7\Debug\Lab7.write.1.tlog
C:\Users\Renee\Documents\OldComputerFiles\Renee\Documents\SchoolStuff\CIS170_IntroToC++\week7\Lab7\Lab7\Debug\Lab7_manifest.rc
C:\Users\Renee\Documents\OldComputerFiles\Renee\Documents\SchoolStuff\CIS170_IntroToC++\week7\Lab7\Lab7\Debug\link.5056.read.1.tlog
C:\Users\Renee\Documents\OldComputerFiles\Renee\Documents\SchoolStuff\CIS170_IntroToC++\week7\Lab7\Lab7\Debug\link.5056.write.1.tlog
C:\Users\Renee\Documents\OldComputerFiles\Renee\Documents\SchoolStuff\CIS170_IntroToC++\week7\Lab7\Lab7\Debug\link.5056-cvtres.read.1.tlog
C:\Users\Renee\Documents\OldComputerFiles\Renee\Documents\SchoolStuff\CIS170_IntroToC++\week7\Lab7\Lab7\Debug\link.5056-cvtres.write.1.tlog
C:\Users\Renee\Documents\OldComputerFiles\Renee\Documents\SchoolStuff\CIS170_IntroToC++\week7\Lab7\Lab7\Debug\link.command.1.tlog
C:\Users\Renee\Documents\OldComputerFiles\Renee\Documents\SchoolStuff\CIS170_IntroToC++\week7\Lab7\Lab7\Debug\link.read.1.tlog
C:\Users\Renee\Documents\OldComputerFiles\Renee\Documents\SchoolStuff\CIS170_IntroToC++\week7\Lab7\Lab7\Debug\link.write.1.tlog
C:\Users\Renee\Documents\OldComputerFiles\Renee\Documents\SchoolStuff\CIS170_IntroToC++\week7\Lab7\Lab7\Debug\link-cvtres.read.1.tlog
C:\Users\Renee\Documents\OldComputerFiles\Renee\Documents\SchoolStuff\CIS170_IntroToC++\week7\Lab7\Lab7\Debug\link-cvtres.write.1.tlog
C:\USERS\RENEE\DOCUMENTS\OLDCOMPUTERFILES\RENEE\DOCUMENTS\SCHOOLSTUFF\CIS170_INTROTOC++\WEEK7\LAB7\LAB7\DEBUG\MAIN.OBJ
C:\Users\Renee\Documents\OldComputerFiles\Renee\Documents\SchoolStuff\CIS170_IntroToC++\week7\Lab7\Lab7\Debug\mt.command.1.tlog
C:\Users\Renee\Documents\OldComputerFiles\Renee\Documents\SchoolStuff\CIS170_IntroToC++\week7\Lab7\Lab7\Debug\mt.read.1.tlog
C:\Users\Renee\Documents\OldComputerFiles\Renee\Documents\SchoolStuff\CIS170_IntroToC++\week7\Lab7\Lab7\Debug\mt.write.1.tlog
C:\Users\Renee\Documents\OldComputerFiles\Renee\Documents\SchoolStuff\CIS170_IntroToC++\week7\Lab7\Lab7\Debug\rc.command.1.tlog
C:\Users\Renee\Documents\OldComputerFiles\Renee\Documents\SchoolStuff\CIS170_IntroToC++\week7\Lab7\Lab7\Debug\rc.read.1.tlog
C:\Users\Renee\Documents\OldComputerFiles\Renee\Documents\SchoolStuff\CIS170_IntroToC++\week7\Lab7\Lab7\Debug\rc.write.1.tlog
C:\Users\Renee\Documents\OldComputerFiles\Renee\Documents\SchoolStuff\CIS170_IntroToC++\week7\Lab7\Lab7\Debug\vc100.idb
C:\USERS\RENEE\DOCUMENTS\OLDCOMPUTERFILES\RENEE\DOCUMENTS\SCHOOLSTUFF\CIS170_INTROTOC++\WEEK7\LAB7\LAB7\DEBUG\VC100.PDB
