Build started 1/23/2014 6:32:44 PM.
     1>Project "C:\Users\Renee\Documents\OldComputerFiles\Renee\Documents\SchoolStuff\CIS170\week3\week3_Quiz\week3_Quiz\week3_Quiz.vcxproj" on node 2 (build target(s)).
     1>InitializeBuildStatus:
         Creating "Debug\week3_Quiz.unsuccessfulbuild" because "AlwaysCreate" was specified.
       ClCompile:
         c:\Program Files (x86)\Microsoft Visual Studio 10.0\VC\bin\CL.exe /c /ZI /nologo /W3 /WX- /Od /Oy- /D WIN32 /D _DEBUG /D _CONSOLE /D _UNICODE /D UNICODE /Gm /EHsc /RTC1 /MDd /GS /fp:precise /Zc:wchar_t /Zc:forScope /Fo"Debug\\" /Fd"Debug\vc100.pdb" /Gd /TP /analyze- /errorReport:prompt main.cpp
         main.cpp
       ManifestResourceCompile:
         All outputs are up-to-date.
       Link:
         c:\Program Files (x86)\Microsoft Visual Studio 10.0\VC\bin\link.exe /ERRORREPORT:PROMPT /OUT:"C:\Users\Renee\Documents\OldComputerFiles\Renee\Documents\SchoolStuff\CIS170\week3\week3_Quiz\Debug\week3_Quiz.exe" /INCREMENTAL /NOLOGO kernel32.lib user32.lib gdi32.lib winspool.lib comdlg32.lib advapi32.lib shell32.lib ole32.lib oleaut32.lib uuid.lib odbc32.lib odbccp32.lib /MANIFEST /ManifestFile:"Debug\week3_Quiz.exe.intermediate.manifest" /MANIFESTUAC:"level='asInvoker' uiAccess='false'" /DEBUG /PDB:"C:\Users\Renee\Documents\OldComputerFiles\Renee\Documents\SchoolStuff\CIS170\week3\week3_Quiz\Debug\week3_Quiz.pdb" /SUBSYSTEM:CONSOLE /TLBID:1 /DYNAMICBASE /NXCOMPAT /IMPLIB:"C:\Users\Renee\Documents\OldComputerFiles\Renee\Documents\SchoolStuff\CIS170\week3\week3_Quiz\Debug\week3_Quiz.lib" /MACHINE:X86 Debug\week3_Quiz.exe.embed.manifest.res
         Debug\main.obj
       Manifest:
         C:\Program Files (x86)\Microsoft SDKs\Windows\v7.0A\bin\mt.exe /nologo /verbose /out:"Debug\week3_Quiz.exe.embed.manifest" /manifest Debug\week3_Quiz.exe.intermediate.manifest
         All outputs are up-to-date.
       LinkEmbedManifest:
         All outputs are up-to-date.
         week3_Quiz.vcxproj -> C:\Users\Renee\Documents\OldComputerFiles\Renee\Documents\SchoolStuff\CIS170\week3\week3_Quiz\Debug\week3_Quiz.exe
       FinalizeBuildStatus:
         Deleting file "Debug\week3_Quiz.unsuccessfulbuild".
         Touching "Debug\week3_Quiz.lastbuildstate".
     1>Done Building Project "C:\Users\Renee\Documents\OldComputerFiles\Renee\Documents\SchoolStuff\CIS170\week3\week3_Quiz\week3_Quiz\week3_Quiz.vcxproj" (build target(s)).

Build succeeded.

Time Elapsed 00:00:03.29
