Build started 2/9/2014 7:23:30 PM.
     1>Project "C:\Users\Renee\Documents\OldComputerFiles\Renee\Documents\SchoolStuff\CIS170\Week5\Lab5A\Lab5A\Lab5A.vcxproj" on node 2 (build target(s)).
     1>InitializeBuildStatus:
         Creating "Debug\Lab5A.unsuccessfulbuild" because "AlwaysCreate" was specified.
       ClCompile:
         c:\Program Files (x86)\Microsoft Visual Studio 10.0\VC\bin\CL.exe /c /ZI /nologo /W3 /WX- /Od /Oy- /D WIN32 /D _DEBUG /D _CONSOLE /D _UNICODE /D UNICODE /Gm /EHsc /RTC1 /MDd /GS /fp:precise /Zc:wchar_t /Zc:forScope /Fo"Debug\\" /Fd"Debug\vc100.pdb" /Gd /TP /analyze- /errorReport:prompt main.cpp
         main.cpp
     1>c:\users\renee\documents\oldcomputerfiles\renee\documents\schoolstuff\cis170\week5\lab5a\lab5a\main.cpp(89): warning C4244: 'return' : conversion from 'double' to 'int', possible loss of data
       ManifestResourceCompile:
         All outputs are up-to-date.
       Link:
         c:\Program Files (x86)\Microsoft Visual Studio 10.0\VC\bin\link.exe /ERRORREPORT:PROMPT /OUT:"C:\Users\Renee\Documents\OldComputerFiles\Renee\Documents\SchoolStuff\CIS170\Week5\Lab5A\Debug\Lab5A.exe" /INCREMENTAL /NOLOGO kernel32.lib user32.lib gdi32.lib winspool.lib comdlg32.lib advapi32.lib shell32.lib ole32.lib oleaut32.lib uuid.lib odbc32.lib odbccp32.lib /MANIFEST /ManifestFile:"Debug\Lab5A.exe.intermediate.manifest" /MANIFESTUAC:"level='asInvoker' uiAccess='false'" /DEBUG /PDB:"C:\Users\Renee\Documents\OldComputerFiles\Renee\Documents\SchoolStuff\CIS170\Week5\Lab5A\Debug\Lab5A.pdb" /SUBSYSTEM:CONSOLE /TLBID:1 /DYNAMICBASE /NXCOMPAT /IMPLIB:"C:\Users\Renee\Documents\OldComputerFiles\Renee\Documents\SchoolStuff\CIS170\Week5\Lab5A\Debug\Lab5A.lib" /MACHINE:X86 Debug\Lab5A.exe.embed.manifest.res
         Debug\main.obj
       Manifest:
         C:\Program Files (x86)\Microsoft SDKs\Windows\v7.0A\bin\mt.exe /nologo /verbose /out:"Debug\Lab5A.exe.embed.manifest" /manifest Debug\Lab5A.exe.intermediate.manifest
         All outputs are up-to-date.
       LinkEmbedManifest:
         All outputs are up-to-date.
         Lab5A.vcxproj -> C:\Users\Renee\Documents\OldComputerFiles\Renee\Documents\SchoolStuff\CIS170\Week5\Lab5A\Debug\Lab5A.exe
       FinalizeBuildStatus:
         Deleting file "Debug\Lab5A.unsuccessfulbuild".
         Touching "Debug\Lab5A.lastbuildstate".
     1>Done Building Project "C:\Users\Renee\Documents\OldComputerFiles\Renee\Documents\SchoolStuff\CIS170\Week5\Lab5A\Lab5A\Lab5A.vcxproj" (build target(s)).

Build succeeded.

Time Elapsed 00:00:01.55
